app/build/intermediates/manifest_merge_blame_file/debug/manifest-merger-blame-debug-report.txt
1<?xml version="1.0" encoding="utf-8"?>
2<manifest xmlns:android="http://schemas.android.com/apk/res/android"
3    package="com.snatik.matches"
4    android:versionCode="1007"
5    android:versionName="1.01.001007" >
6
7    <uses-sdk
8        android:minSdkVersion="14"
8-->src\main\AndroidManifest.xml
9        android:targetSdkVersion="28" />
9-->src\main\AndroidManifest.xml
10
11    <application
11-->src\main\AndroidManifest.xml:5:5-22:19
12        android:name="com.snatik.matches.GameApplication"
12-->src\main\AndroidManifest.xml:6:9-40
13        android:allowBackup="true"
13-->src\main\AndroidManifest.xml:7:9-35
14        android:appComponentFactory="android.support.v4.app.CoreComponentFactory"
14-->[com.android.support:support-compat:28.0.0] AndroidManifest.xml:22:18-91
15        android:debuggable="true"
16        android:icon="@drawable/icon"
16-->src\main\AndroidManifest.xml:8:9-38
17        android:label="@string/app_name"
17-->src\main\AndroidManifest.xml:9:9-41
18        android:testOnly="true"
19        android:theme="@style/AppTheme" >
19-->src\main\AndroidManifest.xml:10:9-40
20        <activity
20-->src\main\AndroidManifest.xml:11:9-20:20
21            android:name="com.snatik.matches.MainActivity"
21-->src\main\AndroidManifest.xml:12:13-41
22            android:label="@string/app_name"
22-->src\main\AndroidManifest.xml:13:13-45
23            android:screenOrientation="landscape" >
23-->src\main\AndroidManifest.xml:14:13-50
24            <intent-filter>
24-->src\main\AndroidManifest.xml:15:13-19:29
25                <action android:name="android.intent.action.MAIN" />
25-->src\main\AndroidManifest.xml:16:17-69
25-->src\main\AndroidManifest.xml:16:25-66
26
27                <category android:name="android.intent.category.LAUNCHER" />
27-->src\main\AndroidManifest.xml:18:17-77
27-->src\main\AndroidManifest.xml:18:27-74
28            </intent-filter>
29        </activity>
30    </application>
31
32</manifest>